0 info it worked if it ends with ok
1 verbose cli [ '/usr/bin/node', '/usr/bin/npm', 'install' ]
2 info using npm@3.5.2
3 info using node@v8.10.0
4 silly loadCurrentTree Starting
5 silly install loadCurrentTree
6 silly install readLocalPackageData
7 silly install normalizeTree
8 silly loadCurrentTree Finishing
9 silly loadIdealTree Starting
10 silly install loadIdealTree
11 silly cloneCurrentTree Starting
12 silly install cloneCurrentTreeToIdealTree
13 silly cloneCurrentTree Finishing
14 silly loadShrinkwrap Starting
15 silly install loadShrinkwrap
16 silly loadShrinkwrap Finishing
17 silly loadAllDepsIntoIdealTree Starting
18 silly install loadAllDepsIntoIdealTree
19 silly fetchNamedPackageData eslint
20 silly mapToRegistry name eslint
21 silly mapToRegistry using default registry
22 silly mapToRegistry registry https://registry.npmjs.org/
23 silly mapToRegistry uri https://registry.npmjs.org/eslint
24 verbose request uri https://registry.npmjs.org/eslint
25 verbose request no auth needed
26 info attempt registry request try #1 at 23:12:26
27 verbose request id ad95eb3628746665
28 verbose etag W/"5d33effc5895dd832b14c64ce9ae2572"
29 verbose lastModified Fri, 07 Oct 2022 22:39:40 GMT
30 http request GET https://registry.npmjs.org/eslint
31 http 304 https://registry.npmjs.org/eslint
32 verbose headers { date: 'Thu, 20 Oct 2022 20:12:27 GMT',
32 verbose headers   connection: 'keep-alive',
32 verbose headers   'cf-ray': '75d4688ebd90fc77-WAW',
32 verbose headers   age: '97',
32 verbose headers   'cache-control': 'public, max-age=300',
32 verbose headers   etag: '"5d33effc5895dd832b14c64ce9ae2572"',
32 verbose headers   'last-modified': 'Fri, 07 Oct 2022 22:39:40 GMT',
32 verbose headers   vary: 'Accept-Encoding',
32 verbose headers   'cf-cache-status': 'HIT',
32 verbose headers   'x-amz-replication-status': 'COMPLETED',
32 verbose headers   server: 'cloudflare' }
33 silly get cb [ 304,
33 silly get   { date: 'Thu, 20 Oct 2022 20:12:27 GMT',
33 silly get     connection: 'keep-alive',
33 silly get     'cf-ray': '75d4688ebd90fc77-WAW',
33 silly get     age: '97',
33 silly get     'cache-control': 'public, max-age=300',
33 silly get     etag: '"5d33effc5895dd832b14c64ce9ae2572"',
33 silly get     'last-modified': 'Fri, 07 Oct 2022 22:39:40 GMT',
33 silly get     vary: 'Accept-Encoding',
33 silly get     'cf-cache-status': 'HIT',
33 silly get     'x-amz-replication-status': 'COMPLETED',
33 silly get     server: 'cloudflare' } ]
34 verbose etag https://registry.npmjs.org/eslint from cache
35 verbose get saving eslint to /home/user/.npm/registry.npmjs.org/eslint/.cache.json
36 silly resolveWithNewModule eslint@8.25.0 checking installable status
37 silly cache add args [ 'eslint@^8.24.0', null ]
38 verbose cache add spec eslint@^8.24.0
39 silly cache add parsed spec Result {
39 silly cache add   raw: 'eslint@^8.24.0',
39 silly cache add   scope: null,
39 silly cache add   name: 'eslint',
39 silly cache add   rawSpec: '^8.24.0',
39 silly cache add   spec: '>=8.24.0 <9.0.0',
39 silly cache add   type: 'range' }
40 silly addNamed eslint@>=8.24.0 <9.0.0
41 verbose addNamed ">=8.24.0 <9.0.0" is a valid semver range for eslint
42 silly addNameRange { name: 'eslint', range: '>=8.24.0 <9.0.0', hasData: false }
43 silly mapToRegistry name eslint
44 silly mapToRegistry using default registry
45 silly mapToRegistry registry https://registry.npmjs.org/
46 silly mapToRegistry uri https://registry.npmjs.org/eslint
47 verbose addNameRange registry:https://registry.npmjs.org/eslint not in flight; fetching
48 verbose get https://registry.npmjs.org/eslint not expired, no request
49 silly addNameRange number 2 { name: 'eslint', range: '>=8.24.0 <9.0.0', hasData: true }
50 silly addNameRange versions [ 'eslint',
50 silly addNameRange   [ '0.0.4',
50 silly addNameRange     '0.0.5',
50 silly addNameRange     '0.0.6',
50 silly addNameRange     '0.0.7',
50 silly addNameRange     '0.1.0-dev',
50 silly addNameRange     '0.1.0',
50 silly addNameRange     '0.1.1',
50 silly addNameRange     '0.1.2',
50 silly addNameRange     '0.1.3',
50 silly addNameRange     '0.1.4',
50 silly addNameRange     '0.2.0',
50 silly addNameRange     '0.3.0',
50 silly addNameRange     '0.4.0',
50 silly addNameRange     '0.4.1',
50 silly addNameRange     '0.4.2',
50 silly addNameRange     '0.4.3',
50 silly addNameRange     '0.4.4',
50 silly addNameRange     '0.4.5',
50 silly addNameRange     '0.5.0',
50 silly addNameRange     '0.5.1',
50 silly addNameRange     '0.6.0',
50 silly addNameRange     '0.6.1',
50 silly addNameRange     '0.6.2',
50 silly addNameRange     '0.7.1',
50 silly addNameRange     '0.7.2',
50 silly addNameRange     '0.7.3',
50 silly addNameRange     '0.7.4',
50 silly addNameRange     '0.8.0',
50 silly addNameRange     '0.8.1',
50 silly addNameRange     '0.8.2',
50 silly addNameRange     '0.9.0',
50 silly addNameRange     '0.9.1',
50 silly addNameRange     '0.9.2',
50 silly addNameRange     '0.10.0-alpha',
50 silly addNameRange     '0.10.0-alpha.1',
50 silly addNameRange     '0.10.0-alpha.2',
50 silly addNameRange     '0.10.0',
50 silly addNameRange     '0.11.0-alpha.0',
50 silly addNameRange     '0.10.1',
50 silly addNameRange     '0.10.2',
50 silly addNameRange     '0.11.0',
50 silly addNameRange     '0.12.0',
50 silly addNameRange     '0.13.0',
50 silly addNameRange     '0.14.0',
50 silly addNameRange     '0.14.1',
50 silly addNameRange     '0.15.0',
50 silly addNameRange     '0.15.1',
50 silly addNameRange     '0.16.0',
50 silly addNameRange     '0.16.1',
50 silly addNameRange     '0.16.2',
50 silly addNameRange     '0.17.0',
50 silly addNameRange     '0.17.1',
50 silly addNameRange     '0.18.0',
50 silly addNameRange     '0.19.0',
50 silly addNameRange     '0.20.0',
50 silly addNameRange     '0.21.0',
50 silly addNameRange     '0.21.1',
50 silly addNameRange     '0.21.2',
50 silly addNameRange     '0.22.0',
50 silly addNameRange     '0.22.1',
50 silly addNameRange     '0.23.0',
50 silly addNameRange     '0.24.0',
50 silly addNameRange     '0.24.1',
50 silly addNameRange     '1.0.0-rc-1',
50 silly addNameRange     '1.0.0-rc-2',
50 silly addNameRange     '1.0.0-rc-3',
50 silly addNameRange     '1.0.0',
50 silly addNameRange     '1.1.0',
50 silly addNameRange     '1.2.0',
50 silly addNameRange     '1.2.1',
50 silly addNameRange     '1.3.0',
50 silly addNameRange     '1.3.1',
50 silly addNameRange     '1.4.0',
50 silly addNameRange     '1.4.1',
50 silly addNameRange     '1.4.2',
50 silly addNameRange     '1.4.3',
50 silly addNameRange     '1.5.0',
50 silly addNameRange     '1.5.1',
50 silly addNameRange     '1.6.0',
50 silly addNameRange     '1.7.0',
50 silly addNameRange     '1.7.1',
50 silly addNameRange     '1.7.2',
50 silly addNameRange     '1.7.3',
50 silly addNameRange     '1.8.0',
50 silly addNameRange     '1.9.0',
50 silly addNameRange     '1.10.0',
50 silly addNameRange     '1.10.1',
50 silly addNameRange     '1.10.2',
50 silly addNameRange     '1.10.3',
50 silly addNameRange     '2.0.0-alpha-1',
50 silly addNameRange     '2.0.0-alpha-2',
50 silly addNameRange     '2.0.0-beta.1',
50 silly addNameRange     '2.0.0-beta.2',
50 silly addNameRange     '2.0.0-beta.3',
50 silly addNameRange     '2.0.0-rc.0',
50 silly addNameRange     '2.0.0-rc.1',
50 silly addNameRange     '2.0.0',
50 silly addNameRange     '2.1.0',
50 silly addNameRange     '2.2.0',
50 silly addNameRange     '2.3.0',
50 silly addNameRange     ... 214 more items ] ]
51 silly addNamed eslint@8.25.0
52 verbose addNamed "8.25.0" is a plain semver version for eslint
53 silly cache afterAdd eslint@8.25.0
54 verbose afterAdd /home/user/.npm/eslint/8.25.0/package/package.json not in flight; writing
55 verbose afterAdd /home/user/.npm/eslint/8.25.0/package/package.json written
56 silly fetchNamedPackageData @eslint/eslintrc
57 silly mapToRegistry name @eslint/eslintrc
58 silly mapToRegistry scope (from package name) @eslint
59 verbose mapToRegistry no registry URL found in name for scope @eslint
60 silly mapToRegistry using default registry
61 silly mapToRegistry registry https://registry.npmjs.org/
62 silly mapToRegistry uri https://registry.npmjs.org/@eslint%2feslintrc
63 silly fetchNamedPackageData @humanwhocodes/config-array
64 silly mapToRegistry name @humanwhocodes/config-array
65 silly mapToRegistry scope (from package name) @humanwhocodes
66 verbose mapToRegistry no registry URL found in name for scope @humanwhocodes
67 silly mapToRegistry using default registry
68 silly mapToRegistry registry https://registry.npmjs.org/
69 silly mapToRegistry uri https://registry.npmjs.org/@humanwhocodes%2fconfig-array
70 silly fetchNamedPackageData @humanwhocodes/module-importer
71 silly mapToRegistry name @humanwhocodes/module-importer
72 silly mapToRegistry scope (from package name) @humanwhocodes
73 verbose mapToRegistry no registry URL found in name for scope @humanwhocodes
74 silly mapToRegistry using default registry
75 silly mapToRegistry registry https://registry.npmjs.org/
76 silly mapToRegistry uri https://registry.npmjs.org/@humanwhocodes%2fmodule-importer
77 silly fetchNamedPackageData ajv
78 silly mapToRegistry name ajv
79 silly mapToRegistry using default registry
80 silly mapToRegistry registry https://registry.npmjs.org/
81 silly mapToRegistry uri https://registry.npmjs.org/ajv
82 silly fetchNamedPackageData chalk
83 silly mapToRegistry name chalk
84 silly mapToRegistry using default registry
85 silly mapToRegistry registry https://registry.npmjs.org/
86 silly mapToRegistry uri https://registry.npmjs.org/chalk
87 silly fetchNamedPackageData debug
88 silly mapToRegistry name debug
89 silly mapToRegistry using default registry
90 silly mapToRegistry registry https://registry.npmjs.org/
91 silly mapToRegistry uri https://registry.npmjs.org/debug
92 silly fetchNamedPackageData doctrine
93 silly mapToRegistry name doctrine
94 silly mapToRegistry using default registry
95 silly mapToRegistry registry https://registry.npmjs.org/
96 silly mapToRegistry uri https://registry.npmjs.org/doctrine
97 silly fetchNamedPackageData escape-string-regexp
98 silly mapToRegistry name escape-string-regexp
99 silly mapToRegistry using default registry
100 silly mapToRegistry registry https://registry.npmjs.org/
101 silly mapToRegistry uri https://registry.npmjs.org/escape-string-regexp
102 silly fetchNamedPackageData eslint-scope
103 silly mapToRegistry name eslint-scope
104 silly mapToRegistry using default registry
105 silly mapToRegistry registry https://registry.npmjs.org/
106 silly mapToRegistry uri https://registry.npmjs.org/eslint-scope
107 silly fetchNamedPackageData eslint-utils
108 silly mapToRegistry name eslint-utils
109 silly mapToRegistry using default registry
110 silly mapToRegistry registry https://registry.npmjs.org/
111 silly mapToRegistry uri https://registry.npmjs.org/eslint-utils
112 silly fetchNamedPackageData eslint-visitor-keys
113 silly mapToRegistry name eslint-visitor-keys
114 silly mapToRegistry using default registry
115 silly mapToRegistry registry https://registry.npmjs.org/
116 silly mapToRegistry uri https://registry.npmjs.org/eslint-visitor-keys
117 silly fetchNamedPackageData espree
118 silly mapToRegistry name espree
119 silly mapToRegistry using default registry
120 silly mapToRegistry registry https://registry.npmjs.org/
121 silly mapToRegistry uri https://registry.npmjs.org/espree
122 silly fetchNamedPackageData esquery
123 silly mapToRegistry name esquery
124 silly mapToRegistry using default registry
125 silly mapToRegistry registry https://registry.npmjs.org/
126 silly mapToRegistry uri https://registry.npmjs.org/esquery
127 silly fetchNamedPackageData esutils
128 silly mapToRegistry name esutils
129 silly mapToRegistry using default registry
130 silly mapToRegistry registry https://registry.npmjs.org/
131 silly mapToRegistry uri https://registry.npmjs.org/esutils
132 silly fetchNamedPackageData fast-deep-equal
133 silly mapToRegistry name fast-deep-equal
134 silly mapToRegistry using default registry
135 silly mapToRegistry registry https://registry.npmjs.org/
136 silly mapToRegistry uri https://registry.npmjs.org/fast-deep-equal
137 silly fetchNamedPackageData file-entry-cache
138 silly mapToRegistry name file-entry-cache
139 silly mapToRegistry using default registry
140 silly mapToRegistry registry https://registry.npmjs.org/
141 silly mapToRegistry uri https://registry.npmjs.org/file-entry-cache
142 silly fetchNamedPackageData find-up
143 silly mapToRegistry name find-up
144 silly mapToRegistry using default registry
145 silly mapToRegistry registry https://registry.npmjs.org/
146 silly mapToRegistry uri https://registry.npmjs.org/find-up
147 silly fetchNamedPackageData glob-parent
148 silly mapToRegistry name glob-parent
149 silly mapToRegistry using default registry
150 silly mapToRegistry registry https://registry.npmjs.org/
151 silly mapToRegistry uri https://registry.npmjs.org/glob-parent
152 silly fetchNamedPackageData globals
153 silly mapToRegistry name globals
154 silly mapToRegistry using default registry
155 silly mapToRegistry registry https://registry.npmjs.org/
156 silly mapToRegistry uri https://registry.npmjs.org/globals
157 silly fetchNamedPackageData globby
158 silly mapToRegistry name globby
159 silly mapToRegistry using default registry
160 silly mapToRegistry registry https://registry.npmjs.org/
161 silly mapToRegistry uri https://registry.npmjs.org/globby
162 silly fetchNamedPackageData grapheme-splitter
163 silly mapToRegistry name grapheme-splitter
164 silly mapToRegistry using default registry
165 silly mapToRegistry registry https://registry.npmjs.org/
166 silly mapToRegistry uri https://registry.npmjs.org/grapheme-splitter
167 silly fetchNamedPackageData ignore
168 silly mapToRegistry name ignore
169 silly mapToRegistry using default registry
170 silly mapToRegistry registry https://registry.npmjs.org/
171 silly mapToRegistry uri https://registry.npmjs.org/ignore
172 silly fetchNamedPackageData import-fresh
173 silly mapToRegistry name import-fresh
174 silly mapToRegistry using default registry
175 silly mapToRegistry registry https://registry.npmjs.org/
176 silly mapToRegistry uri https://registry.npmjs.org/import-fresh
177 silly fetchNamedPackageData imurmurhash
178 silly mapToRegistry name imurmurhash
179 silly mapToRegistry using default registry
180 silly mapToRegistry registry https://registry.npmjs.org/
181 silly mapToRegistry uri https://registry.npmjs.org/imurmurhash
182 silly fetchNamedPackageData js-sdsl
183 silly mapToRegistry name js-sdsl
184 silly mapToRegistry using default registry
185 silly mapToRegistry registry https://registry.npmjs.org/
186 silly mapToRegistry uri https://registry.npmjs.org/js-sdsl
187 silly fetchNamedPackageData js-yaml
188 silly mapToRegistry name js-yaml
189 silly mapToRegistry using default registry
190 silly mapToRegistry registry https://registry.npmjs.org/
191 silly mapToRegistry uri https://registry.npmjs.org/js-yaml
192 silly fetchNamedPackageData json-stable-stringify-without-jsonify
193 silly mapToRegistry name json-stable-stringify-without-jsonify
194 silly mapToRegistry using default registry
195 silly mapToRegistry registry https://registry.npmjs.org/
196 silly mapToRegistry uri https://registry.npmjs.org/json-stable-stringify-without-jsonify
197 silly fetchNamedPackageData lodash.merge
198 silly mapToRegistry name lodash.merge
199 silly mapToRegistry using default registry
200 silly mapToRegistry registry https://registry.npmjs.org/
201 silly mapToRegistry uri https://registry.npmjs.org/lodash.merge
202 silly fetchNamedPackageData minimatch
203 silly mapToRegistry name minimatch
204 silly mapToRegistry using default registry
205 silly mapToRegistry registry https://registry.npmjs.org/
206 silly mapToRegistry uri https://registry.npmjs.org/minimatch
207 silly fetchNamedPackageData natural-compare
208 silly mapToRegistry name natural-compare
209 silly mapToRegistry using default registry
210 silly mapToRegistry registry https://registry.npmjs.org/
211 silly mapToRegistry uri https://registry.npmjs.org/natural-compare
212 silly fetchNamedPackageData regexpp
213 silly mapToRegistry name regexpp
214 silly mapToRegistry using default registry
215 silly mapToRegistry registry https://registry.npmjs.org/
216 silly mapToRegistry uri https://registry.npmjs.org/regexpp
217 silly fetchNamedPackageData strip-ansi
218 silly mapToRegistry name strip-ansi
219 silly mapToRegistry using default registry
220 silly mapToRegistry registry https://registry.npmjs.org/
221 silly mapToRegistry uri https://registry.npmjs.org/strip-ansi
222 silly fetchNamedPackageData strip-json-comments
223 silly mapToRegistry name strip-json-comments
224 silly mapToRegistry using default registry
225 silly mapToRegistry registry https://registry.npmjs.org/
226 silly mapToRegistry uri https://registry.npmjs.org/strip-json-comments
227 silly fetchNamedPackageData text-table
228 silly mapToRegistry name text-table
229 silly mapToRegistry using default registry
230 silly mapToRegistry registry https://registry.npmjs.org/
231 silly mapToRegistry uri https://registry.npmjs.org/text-table
232 verbose request uri https://registry.npmjs.org/@humanwhocodes%2fconfig-array
233 verbose request no auth needed
234 info attempt registry request try #1 at 23:12:27
235 verbose etag W/"ae0bc1d703502e869213a923ed778948"
236 verbose lastModified Mon, 17 Oct 2022 17:57:35 GMT
237 http request GET https://registry.npmjs.org/@humanwhocodes%2fconfig-array
238 verbose request uri https://registry.npmjs.org/@humanwhocodes%2fmodule-importer
239 verbose request no auth needed
240 info attempt registry request try #1 at 23:12:27
241 verbose etag W/"573853d05d3e4431140a208ee9f085cd"
242 verbose lastModified Thu, 18 Aug 2022 17:55:53 GMT
243 http request GET https://registry.npmjs.org/@humanwhocodes%2fmodule-importer
244 verbose request uri https://registry.npmjs.org/ajv
245 verbose request no auth needed
246 info attempt registry request try #1 at 23:12:27
247 verbose etag W/"7fdef3b82e6d6f5fd81061c3562e1019"
248 verbose lastModified Mon, 13 Jun 2022 02:34:03 GMT
249 http request GET https://registry.npmjs.org/ajv
250 verbose request uri https://registry.npmjs.org/chalk
251 verbose request no auth needed
252 info attempt registry request try #1 at 23:12:27
253 verbose etag W/"722e8f9fc3909f76c99e816521a6264f"
254 verbose lastModified Wed, 12 Oct 2022 16:31:53 GMT
255 http request GET https://registry.npmjs.org/chalk
256 verbose request uri https://registry.npmjs.org/debug
257 verbose request no auth needed
258 info attempt registry request try #1 at 23:12:27
259 verbose etag W/"c8cc4944ac0e027894c3ff645fef351e"
260 verbose lastModified Mon, 03 Oct 2022 16:39:34 GMT
261 http request GET https://registry.npmjs.org/debug
262 verbose request uri https://registry.npmjs.org/doctrine
263 verbose request no auth needed
264 info attempt registry request try #1 at 23:12:27
265 verbose etag W/"fb6897240e948c0e8bd6e8fe01d2b2f3"
266 verbose lastModified Wed, 15 Jun 2022 20:25:25 GMT
267 http request GET https://registry.npmjs.org/doctrine
268 verbose request uri https://registry.npmjs.org/escape-string-regexp
269 verbose request no auth needed
270 info attempt registry request try #1 at 23:12:27
271 verbose etag W/"777ed1da097a91c2c73c4ef2b04be56a"
272 verbose lastModified Fri, 17 Jun 2022 17:22:40 GMT
273 http request GET https://registry.npmjs.org/escape-string-regexp
274 verbose request uri https://registry.npmjs.org/eslint-utils
275 verbose request no auth needed
276 info attempt registry request try #1 at 23:12:27
277 verbose etag W/"8f2437b64b0e1a7134e3dd1a0523bd09"
278 verbose lastModified Sun, 01 May 2022 17:19:20 GMT
279 http request GET https://registry.npmjs.org/eslint-utils
280 verbose request uri https://registry.npmjs.org/eslint-visitor-keys
281 verbose request no auth needed
282 info attempt registry request try #1 at 23:12:27
283 verbose etag W/"7a98c77cc0238e5cebd96250ff7449fe"
284 verbose lastModified Sun, 01 May 2022 17:19:28 GMT
285 http request GET https://registry.npmjs.org/eslint-visitor-keys
286 verbose request uri https://registry.npmjs.org/esutils
287 verbose request no auth needed
288 info attempt registry request try #1 at 23:12:27
289 verbose etag W/"a7e595d9465a833aa8a21120f5e17c0a"
290 verbose lastModified Fri, 17 Jun 2022 20:59:11 GMT
291 http request GET https://registry.npmjs.org/esutils
292 verbose request uri https://registry.npmjs.org/@eslint%2feslintrc
293 verbose request no auth needed
294 info attempt registry request try #1 at 23:12:27
295 verbose etag W/"b59c6df798cd8c5b8b60c55b2810cb21"
296 verbose lastModified Fri, 07 Oct 2022 21:46:43 GMT
297 http request GET https://registry.npmjs.org/@eslint%2feslintrc
298 verbose request uri https://registry.npmjs.org/fast-deep-equal
299 verbose request no auth needed
300 info attempt registry request try #1 at 23:12:27
301 verbose etag W/"27ceab0e5345c4b40989503647d63526"
302 verbose lastModified Fri, 17 Jun 2022 23:35:21 GMT
303 http request GET https://registry.npmjs.org/fast-deep-equal
304 verbose request uri https://registry.npmjs.org/file-entry-cache
305 verbose request no auth needed
306 info attempt registry request try #1 at 23:12:28
307 verbose etag W/"c4f178b823fc0702adaa95f7b851f36d"
308 verbose lastModified Sat, 18 Jun 2022 00:35:29 GMT
309 http request GET https://registry.npmjs.org/file-entry-cache
310 verbose request uri https://registry.npmjs.org/esquery
311 verbose request no auth needed
312 info attempt registry request try #1 at 23:12:28
313 verbose etag W/"930bab2af55c0c891a98245cfc920456"
314 verbose lastModified Fri, 17 Jun 2022 20:52:56 GMT
315 http request GET https://registry.npmjs.org/esquery
316 verbose request uri https://registry.npmjs.org/espree
317 verbose request no auth needed
318 info attempt registry request try #1 at 23:12:28
319 verbose etag W/"f9405ddc153925bb96e0b519a9d0a3b3"
320 verbose lastModified Fri, 26 Aug 2022 21:37:06 GMT
321 http request GET https://registry.npmjs.org/espree
322 verbose request uri https://registry.npmjs.org/find-up
323 verbose request no auth needed
324 info attempt registry request try #1 at 23:12:28
325 verbose etag W/"0045f9740468dd03423e6196566d6db6"
326 verbose lastModified Sat, 18 Jun 2022 00:56:27 GMT
327 http request GET https://registry.npmjs.org/find-up
328 verbose request uri https://registry.npmjs.org/glob-parent
329 verbose request no auth needed
330 info attempt registry request try #1 at 23:12:28
331 verbose etag W/"af32bbddd722255065f186eba7eade5b"
332 verbose lastModified Sat, 18 Jun 2022 12:54:25 GMT
333 http request GET https://registry.npmjs.org/glob-parent
334 verbose request uri https://registry.npmjs.org/grapheme-splitter
335 verbose request no auth needed
336 info attempt registry request try #1 at 23:12:28
337 verbose etag W/"325a7e89139c02446ba1127710736c10"
338 verbose lastModified Sat, 18 Jun 2022 13:52:12 GMT
339 http request GET https://registry.npmjs.org/grapheme-splitter
340 verbose request uri https://registry.npmjs.org/globals
341 verbose request no auth needed
342 info attempt registry request try #1 at 23:12:28
343 verbose etag W/"87839496b4cee1cb7d002d1306541e57"
344 verbose lastModified Thu, 21 Jul 2022 08:16:43 GMT
345 http request GET https://registry.npmjs.org/globals
346 verbose request uri https://registry.npmjs.org/globby
347 verbose request no auth needed
348 info attempt registry request try #1 at 23:12:28
349 verbose etag W/"f341b2570ef1b27e34c180a2167b031a"
350 verbose lastModified Sat, 18 Jun 2022 12:57:50 GMT
351 http request GET https://registry.npmjs.org/globby
352 verbose request uri https://registry.npmjs.org/eslint-scope
353 verbose request no auth needed
354 info attempt registry request try #1 at 23:12:28
355 verbose etag W/"f630448fdb6e268afa9ea6373708c880"
356 verbose lastModified Fri, 17 Jun 2022 20:46:00 GMT
357 http request GET https://registry.npmjs.org/eslint-scope
358 verbose request uri https://registry.npmjs.org/import-fresh
359 verbose request no auth needed
360 info attempt registry request try #1 at 23:12:28
361 verbose etag W/"b0a95508ad87e0c6842c34851ee6bd65"
362 verbose lastModified Sun, 19 Jun 2022 00:53:43 GMT
363 http request GET https://registry.npmjs.org/import-fresh
364 verbose request uri https://registry.npmjs.org/imurmurhash
365 verbose request no auth needed
366 info attempt registry request try #1 at 23:12:28
367 verbose etag W/"d073868dea274007f24bf6cc80bdabfa"
368 verbose lastModified Sun, 19 Jun 2022 00:57:19 GMT
369 http request GET https://registry.npmjs.org/imurmurhash
370 verbose request uri https://registry.npmjs.org/js-yaml
371 verbose request no auth needed
372 info attempt registry request try #1 at 23:12:28
373 verbose etag W/"8748b3ef6c0da130d6d4339dcfc1ddb5"
374 verbose lastModified Sun, 19 Jun 2022 05:47:22 GMT
375 http request GET https://registry.npmjs.org/js-yaml
376 verbose request uri https://registry.npmjs.org/lodash.merge
377 verbose request no auth needed
378 info attempt registry request try #1 at 23:12:28
379 verbose etag W/"c495d94b485a90af1ad26b4bfb7824be"
380 verbose lastModified Sun, 19 Jun 2022 13:36:45 GMT
381 http request GET https://registry.npmjs.org/lodash.merge
382 verbose request uri https://registry.npmjs.org/js-sdsl
383 verbose request no auth needed
384 info attempt registry request try #1 at 23:12:28
385 verbose etag W/"c4129b7adc81d00186a700025c521c9d"
386 verbose lastModified Sat, 01 Oct 2022 06:15:00 GMT
387 http request GET https://registry.npmjs.org/js-sdsl
388 verbose request uri https://registry.npmjs.org/natural-compare
389 verbose request no auth needed
390 info attempt registry request try #1 at 23:12:28
391 verbose etag W/"c99e2e81a20f6845ea2169b6ba40c96b"
392 verbose lastModified Mon, 20 Jun 2022 21:54:52 GMT
393 http request GET https://registry.npmjs.org/natural-compare
394 verbose request uri https://registry.npmjs.org/ignore
395 verbose request no auth needed
396 info attempt registry request try #1 at 23:12:28
397 verbose etag W/"c2abab5529149ae73083a8d8980c71da"
398 verbose lastModified Sun, 19 Jun 2022 00:22:05 GMT
399 http request GET https://registry.npmjs.org/ignore
400 verbose request uri https://registry.npmjs.org/regexpp
401 verbose request no auth needed
402 info attempt registry request try #1 at 23:12:28
403 verbose etag W/"e65daf6d847972d85c500142fd236592"
404 verbose lastModified Sun, 15 May 2022 17:03:12 GMT
405 http request GET https://registry.npmjs.org/regexpp
406 verbose request uri https://registry.npmjs.org/json-stable-stringify-without-jsonify
407 verbose request no auth needed
408 info attempt registry request try #1 at 23:12:28
409 verbose etag W/"3327745153662605fd76b242ef52888b"
410 verbose lastModified Sun, 19 Jun 2022 06:26:46 GMT
411 http request GET https://registry.npmjs.org/json-stable-stringify-without-jsonify
412 verbose request uri https://registry.npmjs.org/strip-ansi
413 verbose request no auth needed
414 info attempt registry request try #1 at 23:12:28
415 verbose etag W/"e8a2bc5d1b0572d6705b607e4b956dfd"
416 verbose lastModified Mon, 27 Jun 2022 01:11:49 GMT
417 http request GET https://registry.npmjs.org/strip-ansi
418 verbose request uri https://registry.npmjs.org/strip-json-comments
419 verbose request no auth needed
420 info attempt registry request try #1 at 23:12:28
421 verbose etag W/"fb33f5af1624533c32cd12a9f85ad67c"
422 verbose lastModified Fri, 22 Jul 2022 09:48:15 GMT
423 http request GET https://registry.npmjs.org/strip-json-comments
424 verbose request uri https://registry.npmjs.org/text-table
425 verbose request no auth needed
426 info attempt registry request try #1 at 23:12:28
427 verbose etag W/"de59041081cead1a6c7a207db386c06a"
428 verbose lastModified Tue, 04 Oct 2022 09:32:13 GMT
429 http request GET https://registry.npmjs.org/text-table
430 verbose request uri https://registry.npmjs.org/minimatch
431 verbose request no auth needed
432 info attempt registry request try #1 at 23:12:28
433 verbose etag W/"1e30160b2c01a71d2526297047a1be15"
434 verbose lastModified Sun, 19 Jun 2022 21:21:42 GMT
435 http request GET https://registry.npmjs.org/minimatch
436 http 304 https://registry.npmjs.org/@humanwhocodes%2fconfig-array
437 verbose headers { date: 'Thu, 20 Oct 2022 20:12:28 GMT',
437 verbose headers   connection: 'keep-alive',
437 verbose headers   'cf-ray': '75d468937e22fc77-WAW',
437 verbose headers   age: '187',
437 verbose headers   'cache-control': 'public, max-age=300',
437 verbose headers   etag: '"ae0bc1d703502e869213a923ed778948"',
437 verbose headers   'last-modified': 'Mon, 17 Oct 2022 17:57:35 GMT',
437 verbose headers   vary: 'Accept-Encoding',
437 verbose headers   'cf-cache-status': 'HIT',
437 verbose headers   'x-amz-replication-status': 'PENDING',
437 verbose headers   server: 'cloudflare' }
438 silly get cb [ 304,
438 silly get   { date: 'Thu, 20 Oct 2022 20:12:28 GMT',
438 silly get     connection: 'keep-alive',
438 silly get     'cf-ray': '75d468937e22fc77-WAW',
438 silly get     age: '187',
438 silly get     'cache-control': 'public, max-age=300',
438 silly get     etag: '"ae0bc1d703502e869213a923ed778948"',
438 silly get     'last-modified': 'Mon, 17 Oct 2022 17:57:35 GMT',
438 silly get     vary: 'Accept-Encoding',
438 silly get     'cf-cache-status': 'HIT',
438 silly get     'x-amz-replication-status': 'PENDING',
438 silly get     server: 'cloudflare' } ]
439 verbose etag https://registry.npmjs.org/@humanwhocodes%2fconfig-array from cache
440 verbose get saving @humanwhocodes/config-array to /home/user/.npm/registry.npmjs.org/_40humanwhocodes_252fconfig-array/.cache.json
441 silly resolveWithNewModule @humanwhocodes/config-array@0.10.7 checking installable status
442 silly cache add args [ '@humanwhocodes/config-array@^0.10.5', null ]
443 verbose cache add spec @humanwhocodes/config-array@^0.10.5
444 silly cache add parsed spec Result {
444 silly cache add   raw: '@humanwhocodes/config-array@^0.10.5',
444 silly cache add   scope: '@humanwhocodes',
444 silly cache add   name: '@humanwhocodes/config-array',
444 silly cache add   rawSpec: '^0.10.5',
444 silly cache add   spec: '>=0.10.5 <0.11.0',
444 silly cache add   type: 'range' }
445 silly addNamed @humanwhocodes/config-array@>=0.10.5 <0.11.0
446 verbose addNamed ">=0.10.5 <0.11.0" is a valid semver range for @humanwhocodes/config-array
447 silly addNameRange { name: '@humanwhocodes/config-array',
447 silly addNameRange   range: '>=0.10.5 <0.11.0',
447 silly addNameRange   hasData: false }
448 silly mapToRegistry name @humanwhocodes/config-array
449 silly mapToRegistry scope (from package name) @humanwhocodes
450 verbose mapToRegistry no registry URL found in name for scope @humanwhocodes
451 silly mapToRegistry using default registry
452 silly mapToRegistry registry https://registry.npmjs.org/
453 silly mapToRegistry uri https://registry.npmjs.org/@humanwhocodes%2fconfig-array
454 verbose addNameRange registry:https://registry.npmjs.org/@humanwhocodes%2fconfig-array not in flight; fetching
455 verbose get https://registry.npmjs.org/@humanwhocodes%2fconfig-array not expired, no request
456 silly addNameRange number 2 { name: '@humanwhocodes/config-array',
456 silly addNameRange   range: '>=0.10.5 <0.11.0',
456 silly addNameRange   hasData: true }
457 silly addNameRange versions [ '@humanwhocodes/config-array',
457 silly addNameRange   [ '0.1.0',
457 silly addNameRange     '0.2.0',
457 silly addNameRange     '0.2.1',
457 silly addNameRange     '0.2.2',
457 silly addNameRange     '0.3.0',
457 silly addNameRange     '0.3.1',
457 silly addNameRange     '0.3.2',
457 silly addNameRange     '0.4.0',
457 silly addNameRange     '0.5.0',
457 silly addNameRange     '0.6.0',
457 silly addNameRange     '0.7.0',
457 silly addNameRange     '0.8.0',
457 silly addNameRange     '0.9.0',
457 silly addNameRange     '0.9.1',
457 silly addNameRange     '0.9.2',
457 silly addNameRange     '0.9.3',
457 silly addNameRange     '0.9.5',
457 silly addNameRange     '0.10.0',
457 silly addNameRange     '0.10.1',
457 silly addNameRange     '0.10.2',
457 silly addNameRange     '0.10.3',
457 silly addNameRange     '0.10.4',
457 silly addNameRange     '0.10.5',
457 silly addNameRange     '0.10.6',
457 silly addNameRange     '0.10.7',
457 silly addNameRange     '0.11.0',
457 silly addNameRange     '0.11.1',
457 silly addNameRange     '0.11.2',
457 silly addNameRange     '0.11.3',
457 silly addNameRange     '0.11.4',
457 silly addNameRange     '0.11.5' ] ]
458 silly addNamed @humanwhocodes/config-array@0.10.7
459 verbose addNamed "0.10.7" is a plain semver version for @humanwhocodes/config-array
460 silly cache afterAdd @humanwhocodes/config-array@0.10.7
461 verbose afterAdd /home/user/.npm/@humanwhocodes/config-array/0.10.7/package/package.json not in flight; writing
462 verbose afterAdd /home/user/.npm/@humanwhocodes/config-array/0.10.7/package/package.json written
463 http 304 https://registry.npmjs.org/ajv
464 verbose headers { date: 'Thu, 20 Oct 2022 20:12:28 GMT',
464 verbose headers   connection: 'keep-alive',
464 verbose headers   'cf-ray': '75d468957b4ebf47-WAW',
464 verbose headers   age: '276',
464 verbose headers   'cache-control': 'public, max-age=300',
464 verbose headers   etag: '"7fdef3b82e6d6f5fd81061c3562e1019"',
464 verbose headers   'last-modified': 'Mon, 13 Jun 2022 02:34:03 GMT',
464 verbose headers   vary: 'Accept-Encoding',
464 verbose headers   'cf-cache-status': 'HIT',
464 verbose headers   'x-amz-replication-status': 'COMPLETED',
464 verbose headers   server: 'cloudflare' }
465 silly get cb [ 304,
465 silly get   { date: 'Thu, 20 Oct 2022 20:12:28 GMT',
465 silly get     connection: 'keep-alive',
465 silly get     'cf-ray': '75d468957b4ebf47-WAW',
465 silly get     age: '276',
465 silly get     'cache-control': 'public, max-age=300',
465 silly get     etag: '"7fdef3b82e6d6f5fd81061c3562e1019"',
465 silly get     'last-modified': 'Mon, 13 Jun 2022 02:34:03 GMT',
465 silly get     vary: 'Accept-Encoding',
465 silly get     'cf-cache-status': 'HIT',
465 silly get     'x-amz-replication-status': 'COMPLETED',
465 silly get     server: 'cloudflare' } ]
466 verbose etag https://registry.npmjs.org/ajv from cache
467 verbose get saving ajv to /home/user/.npm/registry.npmjs.org/ajv/.cache.json
468 http 304 https://registry.npmjs.org/esutils
469 verbose headers { date: 'Thu, 20 Oct 2022 20:12:28 GMT',
469 verbose headers   connection: 'keep-alive',
469 verbose headers   'cf-ray': '75d468958b260009-WAW',
469 verbose headers   age: '188',
469 verbose headers   'cache-control': 'public, max-age=300',
469 verbose headers   etag: '"a7e595d9465a833aa8a21120f5e17c0a"',
469 verbose headers   'last-modified': 'Fri, 17 Jun 2022 20:59:11 GMT',
469 verbose headers   vary: 'Accept-Encoding',
469 verbose headers   'cf-cache-status': 'HIT',
469 verbose headers   'x-amz-replication-status': 'COMPLETED',
469 verbose headers   server: 'cloudflare' }
470 silly get cb [ 304,
470 silly get   { date: 'Thu, 20 Oct 2022 20:12:28 GMT',
470 silly get     connection: 'keep-alive',
470 silly get     'cf-ray': '75d468958b260009-WAW',
470 silly get     age: '188',
470 silly get     'cache-control': 'public, max-age=300',
470 silly get     etag: '"a7e595d9465a833aa8a21120f5e17c0a"',
470 silly get     'last-modified': 'Fri, 17 Jun 2022 20:59:11 GMT',
470 silly get     vary: 'Accept-Encoding',
470 silly get     'cf-cache-status': 'HIT',
470 silly get     'x-amz-replication-status': 'COMPLETED',
470 silly get     server: 'cloudflare' } ]
471 verbose etag https://registry.npmjs.org/esutils from cache
472 verbose get saving esutils to /home/user/.npm/registry.npmjs.org/esutils/.cache.json
473 http 304 https://registry.npmjs.org/escape-string-regexp
474 verbose headers { date: 'Thu, 20 Oct 2022 20:12:28 GMT',
474 verbose headers   connection: 'keep-alive',
474 verbose headers   'cf-ray': '75d468957b53bf47-WAW',
474 verbose headers   age: '198',
474 verbose headers   'cache-control': 'public, max-age=300',
474 verbose headers   etag: '"777ed1da097a91c2c73c4ef2b04be56a"',
474 verbose headers   'last-modified': 'Fri, 17 Jun 2022 17:22:40 GMT',
474 verbose headers   vary: 'Accept-Encoding',
474 verbose headers   'cf-cache-status': 'HIT',
474 verbose headers   'x-amz-replication-status': 'COMPLETED',
474 verbose headers   server: 'cloudflare' }
475 silly get cb [ 304,
475 silly get   { date: 'Thu, 20 Oct 2022 20:12:28 GMT',
475 silly get     connection: 'keep-alive',
475 silly get     'cf-ray': '75d468957b53bf47-WAW',
475 silly get     age: '198',
475 silly get     'cache-control': 'public, max-age=300',
475 silly get     etag: '"777ed1da097a91c2c73c4ef2b04be56a"',
475 silly get     'last-modified': 'Fri, 17 Jun 2022 17:22:40 GMT',
475 silly get     vary: 'Accept-Encoding',
475 silly get     'cf-cache-status': 'HIT',
475 silly get     'x-amz-replication-status': 'COMPLETED',
475 silly get     server: 'cloudflare' } ]
476 verbose etag https://registry.npmjs.org/escape-string-regexp from cache
477 verbose get saving escape-string-regexp to /home/user/.npm/registry.npmjs.org/escape-string-regexp/.cache.json
478 http 304 https://registry.npmjs.org/chalk
479 verbose headers { date: 'Thu, 20 Oct 2022 20:12:28 GMT',
479 verbose headers   connection: 'keep-alive',
479 verbose headers   'cf-ray': '75d468958e370037-WAW',
479 verbose headers   age: '82',
479 verbose headers   'cache-control': 'public, max-age=300',
479 verbose headers   etag: '"722e8f9fc3909f76c99e816521a6264f"',
479 verbose headers   'last-modified': 'Wed, 12 Oct 2022 16:31:53 GMT',
479 verbose headers   vary: 'Accept-Encoding',
479 verbose headers   'cf-cache-status': 'HIT',
479 verbose headers   'x-amz-replication-status': 'PENDING',
479 verbose headers   server: 'cloudflare' }
480 silly get cb [ 304,
480 silly get   { date: 'Thu, 20 Oct 2022 20:12:28 GMT',
480 silly get     connection: 'keep-alive',
480 silly get     'cf-ray': '75d468958e370037-WAW',
480 silly get     age: '82',
480 silly get     'cache-control': 'public, max-age=300',
480 silly get     etag: '"722e8f9fc3909f76c99e816521a6264f"',
480 silly get     'last-modified': 'Wed, 12 Oct 2022 16:31:53 GMT',
480 silly get     vary: 'Accept-Encoding',
480 silly get     'cf-cache-status': 'HIT',
480 silly get     'x-amz-replication-status': 'PENDING',
480 silly get     server: 'cloudflare' } ]
481 verbose etag https://registry.npmjs.org/chalk from cache
482 verbose get saving chalk to /home/user/.npm/registry.npmjs.org/chalk/.cache.json
483 http 304 https://registry.npmjs.org/doctrine
484 verbose headers { date: 'Thu, 20 Oct 2022 20:12:28 GMT',
484 verbose headers   connection: 'keep-alive',
484 verbose headers   'cf-ray': '75d468958cf2fc73-WAW',
484 verbose headers   age: '188',
484 verbose headers   'cache-control': 'public, max-age=300',
484 verbose headers   etag: '"fb6897240e948c0e8bd6e8fe01d2b2f3"',
484 verbose headers   'last-modified': 'Wed, 15 Jun 2022 20:25:25 GMT',
484 verbose headers   vary: 'Accept-Encoding',
484 verbose headers   'cf-cache-status': 'HIT',
484 verbose headers   'x-amz-replication-status': 'COMPLETED',
484 verbose headers   server: 'cloudflare' }
485 silly get cb [ 304,
485 silly get   { date: 'Thu, 20 Oct 2022 20:12:28 GMT',
485 silly get     connection: 'keep-alive',
485 silly get     'cf-ray': '75d468958cf2fc73-WAW',
485 silly get     age: '188',
485 silly get     'cache-control': 'public, max-age=300',
485 silly get     etag: '"fb6897240e948c0e8bd6e8fe01d2b2f3"',
485 silly get     'last-modified': 'Wed, 15 Jun 2022 20:25:25 GMT',
485 silly get     vary: 'Accept-Encoding',
485 silly get     'cf-cache-status': 'HIT',
485 silly get     'x-amz-replication-status': 'COMPLETED',
485 silly get     server: 'cloudflare' } ]
486 verbose etag https://registry.npmjs.org/doctrine from cache
487 verbose get saving doctrine to /home/user/.npm/registry.npmjs.org/doctrine/.cache.json
488 http 304 https://registry.npmjs.org/@humanwhocodes%2fmodule-importer
489 verbose headers { date: 'Thu, 20 Oct 2022 20:12:28 GMT',
489 verbose headers   connection: 'keep-alive',
489 verbose headers   'cf-ray': '75d468958905bf35-WAW',
489 verbose headers   age: '44',
489 verbose headers   'cache-control': 'public, max-age=300',
489 verbose headers   etag: '"573853d05d3e4431140a208ee9f085cd"',
489 verbose headers   'last-modified': 'Thu, 18 Aug 2022 17:55:53 GMT',
489 verbose headers   vary: 'Accept-Encoding',
489 verbose headers   'cf-cache-status': 'HIT',
489 verbose headers   'x-amz-replication-status': 'COMPLETED',
489 verbose headers   server: 'cloudflare' }
490 silly get cb [ 304,
490 silly get   { date: 'Thu, 20 Oct 2022 20:12:28 GMT',
490 silly get     connection: 'keep-alive',
490 silly get     'cf-ray': '75d468958905bf35-WAW',
490 silly get     age: '44',
490 silly get     'cache-control': 'public, max-age=300',
490 silly get     etag: '"573853d05d3e4431140a208ee9f085cd"',
490 silly get     'last-modified': 'Thu, 18 Aug 2022 17:55:53 GMT',
490 silly get     vary: 'Accept-Encoding',
490 silly get     'cf-cache-status': 'HIT',
490 silly get     'x-amz-replication-status': 'COMPLETED',
490 silly get     server: 'cloudflare' } ]
491 verbose etag https://registry.npmjs.org/@humanwhocodes%2fmodule-importer from cache
492 verbose get saving @humanwhocodes/module-importer to /home/user/.npm/registry.npmjs.org/_40humanwhocodes_252fmodule-importer/.cache.json
493 silly resolveWithNewModule ajv@6.12.6 checking installable status
494 silly cache add args [ 'ajv@^6.10.0', null ]
495 verbose cache add spec ajv@^6.10.0
496 silly cache add parsed spec Result {
496 silly cache add   raw: 'ajv@^6.10.0',
496 silly cache add   scope: null,
496 silly cache add   name: 'ajv',
496 silly cache add   rawSpec: '^6.10.0',
496 silly cache add   spec: '>=6.10.0 <7.0.0',
496 silly cache add   type: 'range' }
497 silly addNamed ajv@>=6.10.0 <7.0.0
498 verbose addNamed ">=6.10.0 <7.0.0" is a valid semver range for ajv
499 silly addNameRange { name: 'ajv', range: '>=6.10.0 <7.0.0', hasData: false }
500 silly mapToRegistry name ajv
501 silly mapToRegistry using default registry
502 silly mapToRegistry registry https://registry.npmjs.org/
503 silly mapToRegistry uri https://registry.npmjs.org/ajv
504 verbose addNameRange registry:https://registry.npmjs.org/ajv not in flight; fetching
505 silly resolveWithNewModule escape-string-regexp@4.0.0 checking installable status
506 silly cache add args [ 'escape-string-regexp@^4.0.0', null ]
507 verbose cache add spec escape-string-regexp@^4.0.0
508 silly cache add parsed spec Result {
508 silly cache add   raw: 'escape-string-regexp@^4.0.0',
508 silly cache add   scope: null,
508 silly cache add   name: 'escape-string-regexp',
508 silly cache add   rawSpec: '^4.0.0',
508 silly cache add   spec: '>=4.0.0 <5.0.0',
508 silly cache add   type: 'range' }
509 silly addNamed escape-string-regexp@>=4.0.0 <5.0.0
510 verbose addNamed ">=4.0.0 <5.0.0" is a valid semver range for escape-string-regexp
511 silly addNameRange { name: 'escape-string-regexp',
511 silly addNameRange   range: '>=4.0.0 <5.0.0',
511 silly addNameRange   hasData: false }
512 silly mapToRegistry name escape-string-regexp
513 silly mapToRegistry using default registry
514 silly mapToRegistry registry https://registry.npmjs.org/
515 silly mapToRegistry uri https://registry.npmjs.org/escape-string-regexp
516 verbose addNameRange registry:https://registry.npmjs.org/escape-string-regexp not in flight; fetching
517 silly resolveWithNewModule esutils@2.0.3 checking installable status
518 silly cache add args [ 'esutils@^2.0.2', null ]
519 verbose cache add spec esutils@^2.0.2
520 silly cache add parsed spec Result {
520 silly cache add   raw: 'esutils@^2.0.2',
520 silly cache add   scope: null,
520 silly cache add   name: 'esutils',
520 silly cache add   rawSpec: '^2.0.2',
520 silly cache add   spec: '>=2.0.2 <3.0.0',
520 silly cache add   type: 'range' }
521 silly addNamed esutils@>=2.0.2 <3.0.0
522 verbose addNamed ">=2.0.2 <3.0.0" is a valid semver range for esutils
523 silly addNameRange { name: 'esutils', range: '>=2.0.2 <3.0.0', hasData: false }
524 silly mapToRegistry name esutils
525 silly mapToRegistry using default registry
526 silly mapToRegistry registry https://registry.npmjs.org/
527 silly mapToRegistry uri https://registry.npmjs.org/esutils
528 verbose addNameRange registry:https://registry.npmjs.org/esutils not in flight; fetching
529 silly resolveWithNewModule doctrine@3.0.0 checking installable status
530 silly cache add args [ 'doctrine@^3.0.0', null ]
531 verbose cache add spec doctrine@^3.0.0
532 silly cache add parsed spec Result {
532 silly cache add   raw: 'doctrine@^3.0.0',
532 silly cache add   scope: null,
532 silly cache add   name: 'doctrine',
532 silly cache add   rawSpec: '^3.0.0',
532 silly cache add   spec: '>=3.0.0 <4.0.0',
532 silly cache add   type: 'range' }
533 silly addNamed doctrine@>=3.0.0 <4.0.0
534 verbose addNamed ">=3.0.0 <4.0.0" is a valid semver range for doctrine
535 silly addNameRange { name: 'doctrine', range: '>=3.0.0 <4.0.0', hasData: false }
536 silly mapToRegistry name doctrine
537 silly mapToRegistry using default registry
538 silly mapToRegistry registry https://registry.npmjs.org/
539 silly mapToRegistry uri https://registry.npmjs.org/doctrine
540 verbose addNameRange registry:https://registry.npmjs.org/doctrine not in flight; fetching
541 silly resolveWithNewModule chalk@4.1.2 checking installable status
542 silly cache add args [ 'chalk@^4.0.0', null ]
543 verbose cache add spec chalk@^4.0.0
544 silly cache add parsed spec Result {
544 silly cache add   raw: 'chalk@^4.0.0',
544 silly cache add   scope: null,
544 silly cache add   name: 'chalk',
544 silly cache add   rawSpec: '^4.0.0',
544 silly cache add   spec: '>=4.0.0 <5.0.0',
544 silly cache add   type: 'range' }
545 silly addNamed chalk@>=4.0.0 <5.0.0
546 verbose addNamed ">=4.0.0 <5.0.0" is a valid semver range for chalk
547 silly addNameRange { name: 'chalk', range: '>=4.0.0 <5.0.0', hasData: false }
548 silly mapToRegistry name chalk
549 silly mapToRegistry using default registry
550 silly mapToRegistry registry https://registry.npmjs.org/
551 silly mapToRegistry uri https://registry.npmjs.org/chalk
552 verbose addNameRange registry:https://registry.npmjs.org/chalk not in flight; fetching
553 verbose stack Error: Missing required argument #1
553 verbose stack     at andLogAndFinish (/usr/share/npm/lib/fetch-package-metadata.js:31:3)
553 verbose stack     at fetchPackageMetadata (/usr/share/npm/lib/fetch-package-metadata.js:51:22)
553 verbose stack     at resolveWithNewModule (/usr/share/npm/lib/install/deps.js:456:12)
553 verbose stack     at /usr/share/npm/lib/install/deps.js:457:7
553 verbose stack     at /usr/share/npm/node_modules/iferr/index.js:13:50
553 verbose stack     at /usr/share/npm/lib/fetch-package-metadata.js:37:12
553 verbose stack     at addRequestedAndFinish (/usr/share/npm/lib/fetch-package-metadata.js:82:5)
553 verbose stack     at returnAndAddMetadata (/usr/share/npm/lib/fetch-package-metadata.js:117:7)
553 verbose stack     at pickVersionFromRegistryDocument (/usr/share/npm/lib/fetch-package-metadata.js:134:20)
553 verbose stack     at /usr/share/npm/node_modules/iferr/index.js:13:50
554 verbose cwd /home/user/Technopark/2sem/2022_2_Base
555 error Linux 5.4.0-126-generic
556 error argv "/usr/bin/node" "/usr/bin/npm" "install"
557 error node v8.10.0
558 error npm  v3.5.2
559 error code EMISSINGARG
560 error typeerror Error: Missing required argument #1
560 error typeerror     at andLogAndFinish (/usr/share/npm/lib/fetch-package-metadata.js:31:3)
560 error typeerror     at fetchPackageMetadata (/usr/share/npm/lib/fetch-package-metadata.js:51:22)
560 error typeerror     at resolveWithNewModule (/usr/share/npm/lib/install/deps.js:456:12)
560 error typeerror     at /usr/share/npm/lib/install/deps.js:457:7
560 error typeerror     at /usr/share/npm/node_modules/iferr/index.js:13:50
560 error typeerror     at /usr/share/npm/lib/fetch-package-metadata.js:37:12
560 error typeerror     at addRequestedAndFinish (/usr/share/npm/lib/fetch-package-metadata.js:82:5)
560 error typeerror     at returnAndAddMetadata (/usr/share/npm/lib/fetch-package-metadata.js:117:7)
560 error typeerror     at pickVersionFromRegistryDocument (/usr/share/npm/lib/fetch-package-metadata.js:134:20)
560 error typeerror     at /usr/share/npm/node_modules/iferr/index.js:13:50
561 error typeerror This is an error with npm itself. Please report this error at:
561 error typeerror     <http://github.com/npm/npm/issues>
562 verbose exit [ 1, true ]
